[debug] [2022-01-23T14:26:43.734Z] ----------------------------------------------------------------------
[debug] [2022-01-23T14:26:43.739Z] Command:       C:\Program Files\nodejs\node.exe C:\Users\SakuranohanaTH\AppData\Roaming\npm\node_modules\firebase-tools\lib\bin\firebase.js init
[debug] [2022-01-23T14:26:43.740Z] CLI Version:   10.1.1
[debug] [2022-01-23T14:26:43.741Z] Platform:      win32
[debug] [2022-01-23T14:26:43.741Z] Node Version:  v14.17.6
[debug] [2022-01-23T14:26:43.751Z] Time:          Sun Jan 23 2022 21:26:43 GMT+0700 (เวลาอินโดจีน)
[debug] [2022-01-23T14:26:43.752Z] ----------------------------------------------------------------------
[debug] 
[debug] [2022-01-23T14:26:43.758Z] >>> [apiv2][query] GET https://firebase-public.firebaseio.com/cli.json [none]
[debug] [2022-01-23T14:26:43.967Z] > command requires scopes: ["email","openid","https://www.googleapis.com/auth/cloudplatformprojects.readonly","https://www.googleapis.com/auth/firebase","https://www.googleapis.com/auth/cloud-platform"]
[debug] [2022-01-23T14:26:43.968Z] > authorizing via signed-in user (timor2542@gmail.com)
[info] 
     ######## #### ########  ######## ########     ###     ######  ########
     ##        ##  ##     ## ##       ##     ##  ##   ##  ##       ##
     ######    ##  ########  ######   ########  #########  ######  ######
     ##        ##  ##    ##  ##       ##     ## ##     ##       ## ##
     ##       #### ##     ## ######## ########  ##     ##  ######  ########

You're about to initialize a Firebase project in this directory:

  D:\xampp\htdocs\LastmileDeliveryEducationalRobotApp-FRAB5\react-last-mile-delivery-robot-frab-5

Before we get started, keep in mind:

  * You are initializing within an existing Firebase project directory

[debug] [2022-01-23T14:26:44.794Z] <<< [apiv2][status] GET https://firebase-public.firebaseio.com/cli.json 200
[debug] [2022-01-23T14:26:44.795Z] <<< [apiv2][body] GET https://firebase-public.firebaseio.com/cli.json {"cloudBuildErrorAfter":1594252800000,"cloudBuildWarnAfter":1590019200000,"defaultNode10After":1594252800000,"minVersion":"3.0.5","node8DeploysDisabledAfter":1613390400000,"node8RuntimeDisabledAfter":1615809600000,"node8WarnAfter":1600128000000}
[info] 
=== Project Setup
[info] 
[info] First, let's associate this project directory with a Firebase project.
[info] You can create multiple project aliases by running firebase use --add, 
[info] but for now we'll just set up a default project.
[info] 
[debug] [2022-01-23T14:43:02.841Z] Using project from CLI flag: lastmiledeliveryrobot-frab-5
[debug] [2022-01-23T14:43:02.895Z] > refreshing access token with scopes: []
[debug] [2022-01-23T14:43:02.903Z] >>> HTTP REQUEST POST https://www.googleapis.com/oauth2/v3/token  
 <request body omitted>
[debug] [2022-01-23T14:43:03.134Z] <<< HTTP RESPONSE 200 {"date":"Sun, 23 Jan 2022 14:43:03 GMT","pragma":"no-cache","expires":"Mon, 01 Jan 1990 00:00:00 GMT","cache-control":"no-cache, no-store, max-age=0, must-revalidate","content-type":"application/json; charset=utf-8","vary":"X-Origin, Referer, Origin,Accept-Encoding","server":"scaffolding on HTTPServer2","x-xss-protection":"0","x-frame-options":"SAMEORIGIN","x-content-type-options":"nosniff","alt-svc":"h3=\":443\"; ma=2592000,h3-29=\":443\"; ma=2592000,h3-Q050=\":443\"; ma=2592000,h3-Q046=\":443\"; ma=2592000,h3-Q043=\":443\"; ma=2592000,quic=\":443\"; ma=2592000; v=\"46,43\"","accept-ranges":"none","transfer-encoding":"chunked"}
[debug] [2022-01-23T14:43:03.153Z] >>> [apiv2][query] GET https://firebase.googleapis.com/v1beta1/projects/lastmiledeliveryrobot-frab-5 [none]
[debug] [2022-01-23T14:43:03.637Z] <<< [apiv2][status] GET https://firebase.googleapis.com/v1beta1/projects/lastmiledeliveryrobot-frab-5 200
[debug] [2022-01-23T14:43:03.638Z] <<< [apiv2][body] GET https://firebase.googleapis.com/v1beta1/projects/lastmiledeliveryrobot-frab-5 {"projectId":"lastmiledeliveryrobot-frab-5","projectNumber":"616349717264","displayName":"LastmileDeliveryRobot-FRAB-5","name":"projects/lastmiledeliveryrobot-frab-5","resources":{"hostingSite":"lastmiledeliveryrobot-frab-5","realtimeDatabaseInstance":"lastmiledeliveryrobot-frab-5-default-rtdb","storageBucket":"lastmiledeliveryrobot-frab-5.appspot.com","locationId":"us-central"},"state":"ACTIVE"}
[info] i  Using project lastmiledeliveryrobot-frab-5 (LastmileDeliveryRobot-FRAB-5) 
[info] 
=== Hosting Setup
[info] 
[info] Your public directory is the folder (relative to your project directory) that
[info] will contain Hosting assets to be uploaded with firebase deploy. If you
[info] have a build process for your assets, use your build's output directory.
[info] 
