[debug] [2022-03-21T20:46:23.568Z] ----------------------------------------------------------------------
[debug] [2022-03-21T20:46:23.570Z] Command:       C:\Program Files\nodejs\node.exe C:\Users\SakuranohanaTH\AppData\Roaming\npm\node_modules\firebase-tools\lib\bin\firebase.js init
[debug] [2022-03-21T20:46:23.571Z] CLI Version:   10.4.0
[debug] [2022-03-21T20:46:23.571Z] Platform:      win32
[debug] [2022-03-21T20:46:23.571Z] Node Version:  v14.17.6
[debug] [2022-03-21T20:46:23.573Z] Time:          Tue Mar 22 2022 03:46:23 GMT+0700 (เวลาอินโดจีน)
[debug] [2022-03-21T20:46:23.573Z] ----------------------------------------------------------------------
[debug] 
[debug] [2022-03-21T20:46:23.582Z] > command requires scopes: ["email","openid","https://www.googleapis.com/auth/cloudplatformprojects.readonly","https://www.googleapis.com/auth/firebase","https://www.googleapis.com/auth/cloud-platform"]
[debug] [2022-03-21T20:46:23.582Z] > authorizing via signed-in user (timor2542@gmail.com)
[info] 
     ######## #### ########  ######## ########     ###     ######  ########
     ##        ##  ##     ## ##       ##     ##  ##   ##  ##       ##
     ######    ##  ########  ######   ########  #########  ######  ######
     ##        ##  ##    ##  ##       ##     ## ##     ##       ## ##
     ##       #### ##     ## ######## ########  ##     ##  ######  ########

You're about to initialize a Firebase project in this directory:

  D:\xampp\htdocs\LastmileDeliveryEducationalRobotApp-FRAB5

[info] 
=== Project Setup
[info] 
[info] First, let's associate this project directory with a Firebase project.
[info] You can create multiple project aliases by running firebase use --add, 
[info] but for now we'll just set up a default project.
[info] 
